[2024-06-07T15:59:31.185152+00:00] Personas.CRITICAL: Creando una persona: Nombre = juan, Edad: 20 [] []
[2024-06-07T15:59:31.190898+00:00] Personas.CRITICAL: Creando una persona: Nombre = ana, Edad: 10 [] []
[2024-06-07T15:59:31.190987+00:00] Personas.CRITICAL: Creando una persona: Nombre = pedro, Edad: 25 [] []
[2024-06-07T15:59:31.191043+00:00] Personas.NOTICE: Saludando = hola soy juan y tengo 20 [] []
[2024-06-07T15:59:31.191111+00:00] Personas.NOTICE: Saludando = hola soy ana y tengo 10 [] []
[2024-06-07T15:59:31.191161+00:00] Personas.NOTICE: Saludando = hola soy pedro y tengo 25 [] []
[2024-06-07T15:59:32.434779+00:00] Personas.CRITICAL: Creando una persona: Nombre = juan, Edad: 20 [] []
[2024-06-07T15:59:32.435426+00:00] Personas.CRITICAL: Creando una persona: Nombre = ana, Edad: 10 [] []
[2024-06-07T15:59:32.435544+00:00] Personas.CRITICAL: Creando una persona: Nombre = pedro, Edad: 25 [] []
[2024-06-07T15:59:32.435607+00:00] Personas.NOTICE: Saludando = hola soy juan y tengo 20 [] []
[2024-06-07T15:59:32.435682+00:00] Personas.NOTICE: Saludando = hola soy ana y tengo 10 [] []
[2024-06-07T15:59:32.435736+00:00] Personas.NOTICE: Saludando = hola soy pedro y tengo 25 [] []
[2024-06-07T15:59:52.578219+00:00] Personas.CRITICAL: Creando una persona: Nombre = juan, Edad: 20 [] []
[2024-06-07T15:59:52.578663+00:00] Personas.CRITICAL: Creando una persona: Nombre = ana, Edad: 10 [] []
[2024-06-07T15:59:52.578723+00:00] Personas.CRITICAL: Creando una persona: Nombre = pedro, Edad: 25 [] []
[2024-06-07T15:59:52.578749+00:00] Personas.NOTICE: Saludando = hola soy juan y tengo 20 [] []
[2024-06-07T15:59:52.578771+00:00] Personas.NOTICE: Saludando = hola soy ana y tengo 10 [] []
[2024-06-07T15:59:52.578787+00:00] Personas.NOTICE: Saludando = hola soy pedro y tengo 25 [] []
[2024-06-07T15:59:52.635716+00:00] Personas.CRITICAL: Creando una persona: Nombre = juan, Edad: 20 [] []
[2024-06-07T15:59:52.636007+00:00] Personas.CRITICAL: Creando una persona: Nombre = ana, Edad: 10 [] []
[2024-06-07T15:59:52.636072+00:00] Personas.CRITICAL: Creando una persona: Nombre = pedro, Edad: 25 [] []
[2024-06-07T15:59:52.636113+00:00] Personas.NOTICE: Saludando = hola soy juan y tengo 20 [] []
[2024-06-07T15:59:52.636146+00:00] Personas.NOTICE: Saludando = hola soy ana y tengo 10 [] []
[2024-06-07T15:59:52.636174+00:00] Personas.NOTICE: Saludando = hola soy pedro y tengo 25 [] []
[2024-06-07T15:59:53.455341+00:00] Personas.CRITICAL: Creando una persona: Nombre = juan, Edad: 20 [] []
[2024-06-07T15:59:53.455587+00:00] Personas.CRITICAL: Creando una persona: Nombre = ana, Edad: 10 [] []
[2024-06-07T15:59:53.455633+00:00] Personas.CRITICAL: Creando una persona: Nombre = pedro, Edad: 25 [] []
[2024-06-07T15:59:53.455659+00:00] Personas.NOTICE: Saludando = hola soy juan y tengo 20 [] []
[2024-06-07T15:59:53.455680+00:00] Personas.NOTICE: Saludando = hola soy ana y tengo 10 [] []
[2024-06-07T15:59:53.455697+00:00] Personas.NOTICE: Saludando = hola soy pedro y tengo 25 [] []
[2024-06-07T15:59:53.507794+00:00] Personas.CRITICAL: Creando una persona: Nombre = juan, Edad: 20 [] []
[2024-06-07T15:59:53.508699+00:00] Personas.CRITICAL: Creando una persona: Nombre = ana, Edad: 10 [] []
[2024-06-07T15:59:53.508763+00:00] Personas.CRITICAL: Creando una persona: Nombre = pedro, Edad: 25 [] []
[2024-06-07T15:59:53.508852+00:00] Personas.NOTICE: Saludando = hola soy juan y tengo 20 [] []
[2024-06-07T15:59:53.509019+00:00] Personas.NOTICE: Saludando = hola soy ana y tengo 10 [] []
[2024-06-07T15:59:53.509564+00:00] Personas.NOTICE: Saludando = hola soy pedro y tengo 25 [] []
[2024-06-07T15:59:53.955047+00:00] Personas.CRITICAL: Creando una persona: Nombre = juan, Edad: 20 [] []
[2024-06-07T15:59:53.955344+00:00] Personas.CRITICAL: Creando una persona: Nombre = ana, Edad: 10 [] []
[2024-06-07T15:59:53.955415+00:00] Personas.CRITICAL: Creando una persona: Nombre = pedro, Edad: 25 [] []
[2024-06-07T15:59:53.955459+00:00] Personas.NOTICE: Saludando = hola soy juan y tengo 20 [] []
[2024-06-07T15:59:53.955495+00:00] Personas.NOTICE: Saludando = hola soy ana y tengo 10 [] []
[2024-06-07T15:59:53.955546+00:00] Personas.NOTICE: Saludando = hola soy pedro y tengo 25 [] []
[2024-06-07T15:59:54.011582+00:00] Personas.CRITICAL: Creando una persona: Nombre = juan, Edad: 20 [] []
[2024-06-07T15:59:54.011860+00:00] Personas.CRITICAL: Creando una persona: Nombre = ana, Edad: 10 [] []
[2024-06-07T15:59:54.011912+00:00] Personas.CRITICAL: Creando una persona: Nombre = pedro, Edad: 25 [] []
[2024-06-07T15:59:54.011940+00:00] Personas.NOTICE: Saludando = hola soy juan y tengo 20 [] []
[2024-06-07T15:59:54.011964+00:00] Personas.NOTICE: Saludando = hola soy ana y tengo 10 [] []
[2024-06-07T15:59:54.011984+00:00] Personas.NOTICE: Saludando = hola soy pedro y tengo 25 [] []
